

times in msec
 clock   self+sourced   self:  sourced script
 clock   elapsed:              other lines

000.003  000.003: --- NVIM STARTING ---
000.068  000.065: event init
000.175  000.107: early init
000.510  000.335: locale set
000.552  000.041: init first window
000.825  000.273: inits 1
000.840  000.015: window checked
000.841  000.002: parsing arguments
001.191  000.057  000.057: require('vim.shared')
001.269  000.025  000.025: require('vim._meta')
001.270  000.075  000.050: require('vim._editor')
001.272  000.162  000.029: require('vim._init_packages')
001.273  000.270: init lua interpreter
002.933  001.661: expanding arguments
002.974  000.041: inits 2
003.200  000.226: init highlight
003.201  000.001: waiting for UI
003.305  000.104: done waiting for UI
003.309  000.005: clear screen
003.465  000.156: init default mappings & autocommands
004.040  000.058  000.058: sourcing /opt/homebrew/Cellar/neovim/0.9.1/share/nvim/runtime/ftplugin.vim
004.118  000.021  000.021: sourcing /opt/homebrew/Cellar/neovim/0.9.1/share/nvim/runtime/indent.vim
004.548  000.264  000.264: require('config.options')
005.107  000.437  000.437: require('lazy')
005.134  000.014  000.014: require('ffi')
005.157  000.022  000.022: require('vim.loader')
005.240  000.023  000.023: require('vim.fs')
005.422  000.242  000.219: require('lazy.stats')
005.599  000.145  000.145: require('lazy.core.util')
005.754  000.154  000.154: require('lazy.core.config')
005.991  000.073  000.073: require('lazy.core.handler')
006.069  000.078  000.078: require('lazy.core.plugin')
006.074  000.319  000.168: require('lazy.core.loader')
006.519  000.077  000.077: require('plugins.Comment')
006.659  000.132  000.132: require('plugins.Persisted')
006.740  000.076  000.076: require('plugins.aerial')
006.854  000.104  000.104: require('plugins.bufferline')
006.925  000.065  000.065: require('plugins.colorscheme')
006.986  000.057  000.057: require('plugins.crates')
007.054  000.060  000.060: require('plugins.devicons')
007.128  000.065  000.065: require('plugins.distant')
007.195  000.060  000.060: require('plugins.dressing')
007.268  000.068  000.068: require('plugins.gitsigns')
007.414  000.141  000.141: require('plugins.harpoon')
007.633  000.103  000.103: require('plugins.indent-blankline')
007.770  000.130  000.130: require('plugins.leap')
007.935  000.149  000.149: require('plugins.lspconfig')
008.037  000.082  000.082: require('plugins.luaSnip')
008.143  000.101  000.101: require('plugins.lualine')
008.275  000.125  000.125: require('plugins.mason')
008.556  000.155  000.155: require('plugins.mason-lspconfig')
008.673  000.097  000.097: require('plugins.neo-tree')
008.746  000.064  000.064: require('plugins.neoclip')
008.847  000.092  000.092: require('plugins.neorg')
008.913  000.060  000.060: require('plugins.noice')
009.043  000.123  000.123: require('plugins.notify')
009.137  000.085  000.085: require('plugins.null-ls')
009.220  000.075  000.075: require('plugins.nvim-autopairs')
009.301  000.077  000.077: require('plugins.nvim-bqf')
009.387  000.077  000.077: require('plugins.nvim-cmp')
009.727  000.093  000.093: require('plugins.nvim-fundo')
009.986  000.084  000.084: require('plugins.nvim-treesitter-context')
010.073  000.077  000.077: require('plugins.nvim-ufo')
010.137  000.057  000.057: require('plugins.nvim-window-picker')
010.213  000.064  000.064: require('plugins.portal')
010.316  000.059  000.059: require('plugins.sentiment')
010.377  000.054  000.054: require('plugins.surround')
010.438  000.057  000.057: require('plugins.tabout')
010.505  000.063  000.063: require('plugins.telescope')
010.594  000.081  000.081: require('plugins.toggleterm')
010.662  000.065  000.065: require('plugins.treesitter')
010.737  000.067  000.067: require('plugins.vim-illuminate')
010.843  000.103  000.103: require('plugins.vim-visual-multi')
010.927  000.081  000.081: require('plugins.web-tools')
011.029  000.100  000.100: require('plugins.which-key')
011.674  000.115  000.115: require('lazy.core.handler.cmd')
011.784  000.107  000.107: require('lazy.core.handler.event')
011.888  000.076  000.076: require('lazy.core.handler.keys')
011.980  000.089  000.089: require('lazy.core.handler.ft')
013.154  000.998  000.998: require('vim.filetype')
013.156  001.042  000.045: sourcing /Users/huayue/.local/share/nvim/lazy/neorg/ftdetect/norg.lua
013.174  000.004  000.004: require('vim.keymap')
013.658  000.009  000.009: sourcing /Users/huayue/.local/share/nvim/lazy/web-tools.nvim/ftdetect/http.vim
013.710  000.007  000.007: sourcing /Users/huayue/.local/share/nvim/lazy/web-tools.nvim/ftdetect/hurl.vim
014.568  000.217  000.217: sourcing /opt/homebrew/Cellar/neovim/0.9.1/share/nvim/runtime/filetype.lua
014.958  000.307  000.307: require('onedark')
016.188  000.064  000.064: require('onedark')
016.786  000.076  000.076: require('onedark.palette')
016.851  000.208  000.133: require('onedark.colors')
016.923  000.069  000.069: require('onedark.util')
017.040  000.531  000.254: require('onedark.highlights')
018.472  000.119  000.119: require('onedark.terminal')
018.478  002.529  001.815: sourcing /Users/huayue/.local/share/nvim/lazy/onedark.nvim/colors/onedark.lua
018.701  000.067  000.067: sourcing /opt/homebrew/Cellar/neovim/0.9.1/share/nvim/runtime/plugin/editorconfig.lua
018.761  000.007  000.007: sourcing /opt/homebrew/Cellar/neovim/0.9.1/share/nvim/runtime/plugin/health.vim
018.864  000.057  000.057: sourcing /opt/homebrew/Cellar/neovim/0.9.1/share/nvim/runtime/plugin/man.lua
019.038  000.118  000.118: sourcing /opt/homebrew/Cellar/neovim/0.9.1/share/nvim/runtime/plugin/matchparen.vim
019.142  000.043  000.043: sourcing /opt/homebrew/Cellar/neovim/0.9.1/share/nvim/runtime/plugin/nvim.lua
019.338  000.007  000.007: sourcing /Users/huayue/.local/share/nvim/rplugin.vim
019.342  000.153  000.147: sourcing /opt/homebrew/Cellar/neovim/0.9.1/share/nvim/runtime/plugin/rplugin.vim
019.429  000.041  000.041: sourcing /opt/homebrew/Cellar/neovim/0.9.1/share/nvim/runtime/plugin/shada.vim
019.494  000.013  000.013: sourcing /opt/homebrew/Cellar/neovim/0.9.1/share/nvim/runtime/plugin/spellfile.vim
019.568  015.019  005.080: require('config.lazy')
019.572  015.310  000.027: sourcing /Users/huayue/.config/nvim/init.lua
019.580  000.726: sourcing vimrc file(s)
019.685  000.037  000.037: sourcing /opt/homebrew/Cellar/neovim/0.9.1/share/nvim/runtime/filetype.lua
019.898  000.047  000.047: sourcing /opt/homebrew/Cellar/neovim/0.9.1/share/nvim/runtime/syntax/synload.vim
019.946  000.198  000.150: sourcing /opt/homebrew/Cellar/neovim/0.9.1/share/nvim/runtime/syntax/syntax.vim
019.954  000.139: inits 3
023.060  003.105: reading ShaDa
023.176  000.116: opening buffers
023.177  000.001: BufEnter autocommands
023.178  000.001: editing files in windows
023.194  000.016: VimEnter autocommands
023.211  000.017: UIEnter autocommands
023.419  000.132  000.132: sourcing /opt/homebrew/Cellar/neovim/0.9.1/share/nvim/runtime/autoload/provider/clipboard.vim
023.422  000.078: before starting main loop
023.594  000.172: first screen update
023.596  000.003: --- NVIM STARTED ---


times in msec
 clock   self+sourced   self:  sourced script
 clock   elapsed:              other lines

000.004  000.004: --- NVIM STARTING ---
000.093  000.089: event init
000.309  000.215: early init
000.532  000.223: locale set
000.611  000.079: init first window
014.117  013.505: inits 1
014.132  000.015: window checked
014.135  000.004: parsing arguments
014.625  000.071  000.071: require('vim.shared')
014.719  000.034  000.034: require('vim._meta')
014.720  000.091  000.057: require('vim._editor')
014.721  000.202  000.039: require('vim._init_packages')
014.726  000.389: init lua interpreter
015.290  000.564: expanding arguments
015.313  000.023: inits 2
015.565  000.252: init highlight
